<?xml version="1.0" encoding="UTF-8"?>
<!-- Generated by org.testng.reporters.JUnitReportReporter -->
<testsuite hostname="Shiva" failures="0" tests="1" name="pac1.OrgTest" time="0.011" errors="0" timestamp="19 Sep 2024 09:36:07 GMT" skipped="0">
  <testcase classname="pac1.OrgTest" name="createContactTest" time="0.011"/>
</testsuite> <!-- pac1.OrgTest -->
